[2021-06-30 21:10:22] LK3JmAsrmadDRqsk5MAw7MQI
[2021-06-30 21:10:33] N0ulsKhxgeGLoCMBiplINWkD
[2021-06-30 21:16:18] LIkr3G1er4HUo2v1ugogFfSk
[2021-06-30 21:16:21] TQ1KBoR46zrGnPEC2oCpyrlC
[2021-06-30 21:16:59] HaxRg6dgPuRpo2vGQV6ABYdG
[2021-06-30 21:18:08] LsQYDDyN3LPZoeQGyLyZUXWz
[2021-06-30 21:18:08] Hello!
[2021-06-30 21:18:37] syu26WU4AzKGHXvyl1kxii8W
[2021-06-30 21:18:37] Hello!
[2021-06-30 21:18:54] pzLt8olqnYLocPV8dqqurKN7
[2021-06-30 21:18:54] Hello!
[2021-06-30 21:18:54] TY7ihafL5ZRBfSkuFepkIJCB
[2021-06-30 21:18:54] Hello!
[2021-06-30 21:18:54] 5yDYBoaXuTJXe9fyhIdy59k7
[2021-06-30 21:18:54] Hello!
[2021-06-30 21:19:15] lOgY0qhdudMp0TkYveUGE5xL
[2021-06-30 21:19:15] Hello!
[2021-06-30 21:19:30] TVBCNfuaw09EYONF9oaL4cP9
[2021-06-30 21:19:30] Hello!
[2021-06-30 21:19:56] lWoJ9NTdp4LlCDoycYiehuQD
[2021-06-30 21:19:56] It's Gleb!
[2021-06-30 21:23:12] PKG6gZkoF6fJYzFZ4QIlMksN
[2021-06-30 21:23:39] WqVmEOOseSWuVyPXI4EMh8dB
[2021-06-30 21:43:12] D1ZRblum9JANZXlrOJm6Qpc7
[2021-06-30 21:43:12] PfSpU9yP0JeF1gj21HH7Y8Vk
[2021-06-30 21:43:59] IGxlGmcpiA5vdDPocJ56wcHh
[2021-06-30 21:43:59] ghx6HROrEOAxOgZ6okxgvl9H
[2021-06-30 21:44:47] X4f2cfDfQLX2onhSRHv5w7YC
[2021-06-30 21:44:47] UOnXOji2iyTd0K55TYcyKeth
[2021-06-30 21:53:49] 7G2p6PSIzoWL3JpGsZD8odTv
[2021-06-30 21:53:49] rFOdmkRetiY4Vo6nIpXKqft5
